<?xml version="1.0" encoding="UTF-8"?>
<!-- Generated by org.testng.reporters.JUnitReportReporter -->
<testsuite hostname="Shauns-MacBook-Air.local" failures="0" tests="2" name="test.TestsExamples" time="1.275" errors="0" timestamp="2023-05-12T19:47:28 SAST" skipped="0">
  <testcase classname="test.TestsExamples" name="Test1" time="0.919"/>
  <system-out/>
  <testcase classname="test.TestsExamples" name="Test2" time="0.356"/>
  <system-out/>
</testsuite> <!-- test.TestsExamples -->
